## 10/29 화요일


티비 86인치
86QNED91TKA
5,628,800원

식기세척기 14인용
DUE6BG
1,962,300원

냉장고 865L
T875MKE412
2,297,100원

워시타워 25/21kg
WL21GEN
2,752,800원

2,938,800원

워시타워 25/22kg
WL22GMZU 
4,147,800원

인덕션 3구
BEF3WBQT
1,679,800원

스타일러 5벌+바지 1벌
SC5GMR80H
2,287,800원

LG 사운드바 15개의 채널(9.1.5) 출력 810W
S95TR
1,173,200원

LG 울트라기어 게이밍모니터 32인치 2ea
32GS75Q
1,132,200원
566,100원
=>
총 20,495,000 원


최종 결제예정금액
22,201,200원
22,387,200원

구매 후 예상 혜택
2,460,000원

22,201,200원 - 2,460,000원
=> 19,741,200원

22,387,200 - 2,460,000
=> 19,927,200