## 11/1 금요일


티비 86인치
86QNED91TKA
4,492,800원 => 4,700,000원

식기세척기 14인용
DUE6BG
1,624,970원 => 1575000원

냉장고 865L
T875MKE412
1,996,120원 => 1,955,360원

워시타워 25/22kg
WL22GMZU
3,477,860원 => 3,838,940원 빅스 x

인덕션 3구
BEF3WBQT
1,299,770원 => 1,381,800원 빅스 x

스타일러 5벌+바지 1벌
SC5GMR80H
1,911,000원 => 1,844,870원

LG 사운드바 15개의 채널(9.1.5) 출력 810W
S95TR
1,155,450원 => 1,118,000원

알파스캔 AOC 게이밍 180 울트라와이드 WQHD 프리싱크 HDR 400 무결점 34인치 
CU34G2XP
499,000원 => 463,370원


인터넷 최저가
16,456,970

지마켓 가격
16,937,370원

스마일카드 할인 후
16,902,500원

스마일캐시
338,050원

신세계포인트 
7,435원

(지마켓 할인가격+스마일캐시+신세계포인트) - 인터넷
=> 16,557,015 - 16,456,970 = 100,045원
